{"C:\\Users\\Pc\\OneDrive\\Documentos\\remocoespcce\\src\\config\\database.js": {"path":"C:\\Users\\Pc\\OneDrive\\Documentos\\remocoespcce\\src\\config\\database.js","statementMap":{"0":{"start":{"line":1,"column":22},"end":{"line":1,"column":42}},"1":{"start":{"line":3,"column":15},"end":{"line":21,"column":1}},"2":{"start":{"line":24,"column":0},"end":{"line":26,"column":1}},"3":{"start":{"line":25,"column":2},"end":{"line":25,"column":29}},"4":{"start":{"line":28,"column":18},"end":{"line":33,"column":1}},"5":{"start":{"line":35,"column":0},"end":{"line":35,"column":27}}},"fnMap":{},"branchMap":{"0":{"loc":{"start":{"line":4,"column":8},"end":{"line":4,"column":42}},"type":"binary-expr","locations":[{"start":{"line":4,"column":8},"end":{"line":4,"column":27}},{"start":{"line":4,"column":31},"end":{"line":4,"column":42}}],"line":4},"1":{"loc":{"start":{"line":5,"column":8},"end":{"line":5,"column":43}},"type":"binary-expr","locations":[{"start":{"line":5,"column":8},"end":{"line":5,"column":35}},{"start":{"line":5,"column":39},"end":{"line":5,"column":43}}],"line":5},"2":{"loc":{"start":{"line":6,"column":11},"end":{"line":6,"column":44}},"type":"binary-expr","locations":[{"start":{"line":6,"column":11},"end":{"line":6,"column":33}},{"start":{"line":6,"column":37},"end":{"line":6,"column":44}}],"line":6},"3":{"loc":{"start":{"line":7,"column":11},"end":{"line":7,"column":46}},"type":"binary-expr","locations":[{"start":{"line":7,"column":11},"end":{"line":7,"column":33}},{"start":{"line":7,"column":37},"end":{"line":7,"column":46}}],"line":7},"4":{"loc":{"start":{"line":8,"column":11},"end":{"line":8,"column":123}},"type":"cond-expr","locations":[{"start":{"line":8,"column":47},"end":{"line":8,"column":58}},{"start":{"line":8,"column":62},"end":{"line":8,"column":122}}],"line":8},"5":{"loc":{"start":{"line":8,"column":62},"end":{"line":8,"column":122}},"type":"cond-expr","locations":[{"start":{"line":8,"column":103},"end":{"line":8,"column":114}},{"start":{"line":8,"column":117},"end":{"line":8,"column":122}}],"line":8},"6":{"loc":{"start":{"line":24,"column":0},"end":{"line":26,"column":1}},"type":"if","locations":[{"start":{"line":24,"column":0},"end":{"line":26,"column":1}},{"start":{},"end":{}}],"line":24},"7":{"loc":{"start":{"line":29,"column":2},"end":{"line":29,"column":45}},"type":"binary-expr","locations":[{"start":{"line":29,"column":2},"end":{"line":29,"column":21}},{"start":{"line":29,"column":25},"end":{"line":29,"column":45}}],"line":29},"8":{"loc":{"start":{"line":30,"column":2},"end":{"line":30,"column":31}},"type":"binary-expr","locations":[{"start":{"line":30,"column":2},"end":{"line":30,"column":21}},{"start":{"line":30,"column":25},"end":{"line":30,"column":31}}],"line":30},"9":{"loc":{"start":{"line":31,"column":2},"end":{"line":31,"column":27}},"type":"binary-expr","locations":[{"start":{"line":31,"column":2},"end":{"line":31,"column":21}},{"start":{"line":31,"column":25},"end":{"line":31,"column":27}}],"line":31}},"s":{"0":1,"1":1,"2":1,"3":1,"4":1,"5":1},"f":{},"b":{"0":[1,1],"1":[1,1],"2":[1,1],"3":[1,1],"4":[0,1],"5":[0,1],"6":[1,0],"7":[1,1],"8":[1,1],"9":[1,1]},"_coverageSchema":"1a1c01bbd47fc00a2c39e90264f33305004495a9","hash":"f5f956454e05fddb507e718045a2f736dfde5fb3"}
,"C:\\Users\\Pc\\OneDrive\\Documentos\\remocoespcce\\src\\models\\Cidade.js": {"path":"C:\\Users\\Pc\\OneDrive\\Documentos\\remocoespcce\\src\\models\\Cidade.js","statementMap":{"0":{"start":{"line":1,"column":22},"end":{"line":1,"column":42}},"1":{"start":{"line":3,"column":0},"end":{"line":54,"column":2}},"2":{"start":{"line":4,"column":17},"end":{"line":51,"column":4}},"3":{"start":{"line":53,"column":2},"end":{"line":53,"column":16}}},"fnMap":{"0":{"name":"(anonymous_0)","decl":{"start":{"line":3,"column":17},"end":{"line":3,"column":18}},"loc":{"start":{"line":3,"column":32},"end":{"line":54,"column":1}},"line":3}},"branchMap":{},"s":{"0":1,"1":1,"2":1,"3":1},"f":{"0":1},"b":{},"_coverageSchema":"1a1c01bbd47fc00a2c39e90264f33305004495a9","hash":"3872d5af07208fdeba7782de110ef3687af071b5"}
,"C:\\Users\\Pc\\OneDrive\\Documentos\\remocoespcce\\src\\models\\Configuracao.js": {"path":"C:\\Users\\Pc\\OneDrive\\Documentos\\remocoespcce\\src\\models\\Configuracao.js","statementMap":{"0":{"start":{"line":1,"column":22},"end":{"line":1,"column":42}},"1":{"start":{"line":3,"column":0},"end":{"line":33,"column":2}},"2":{"start":{"line":4,"column":23},"end":{"line":30,"column":4}},"3":{"start":{"line":32,"column":2},"end":{"line":32,"column":22}}},"fnMap":{"0":{"name":"(anonymous_0)","decl":{"start":{"line":3,"column":17},"end":{"line":3,"column":18}},"loc":{"start":{"line":3,"column":32},"end":{"line":33,"column":1}},"line":3}},"branchMap":{},"s":{"0":1,"1":1,"2":1,"3":1},"f":{"0":1},"b":{},"_coverageSchema":"1a1c01bbd47fc00a2c39e90264f33305004495a9","hash":"4da1a6c06b0cb0215d26ab4e29a714ac5bb7e91d"}
,"C:\\Users\\Pc\\OneDrive\\Documentos\\remocoespcce\\src\\models\\HistoricoRemocao.js": {"path":"C:\\Users\\Pc\\OneDrive\\Documentos\\remocoespcce\\src\\models\\HistoricoRemocao.js","statementMap":{"0":{"start":{"line":1,"column":22},"end":{"line":1,"column":42}},"1":{"start":{"line":3,"column":0},"end":{"line":54,"column":2}},"2":{"start":{"line":4,"column":29},"end":{"line":45,"column":6}},"3":{"start":{"line":47,"column":4},"end":{"line":51,"column":6}},"4":{"start":{"line":48,"column":8},"end":{"line":48,"column":99}},"5":{"start":{"line":49,"column":8},"end":{"line":49,"column":106}},"6":{"start":{"line":50,"column":8},"end":{"line":50,"column":108}},"7":{"start":{"line":53,"column":4},"end":{"line":53,"column":28}}},"fnMap":{"0":{"name":"(anonymous_0)","decl":{"start":{"line":3,"column":17},"end":{"line":3,"column":18}},"loc":{"start":{"line":3,"column":32},"end":{"line":54,"column":1}},"line":3},"1":{"name":"(anonymous_1)","decl":{"start":{"line":47,"column":33},"end":{"line":47,"column":34}},"loc":{"start":{"line":47,"column":45},"end":{"line":51,"column":5}},"line":47}},"branchMap":{},"s":{"0":1,"1":1,"2":1,"3":1,"4":1,"5":1,"6":1,"7":1},"f":{"0":1,"1":1},"b":{},"_coverageSchema":"1a1c01bbd47fc00a2c39e90264f33305004495a9","hash":"452f0eebacb9cebbb278a5b384a837800274db6e"}
,"C:\\Users\\Pc\\OneDrive\\Documentos\\remocoespcce\\src\\models\\PedidoRemocao.js": {"path":"C:\\Users\\Pc\\OneDrive\\Documentos\\remocoespcce\\src\\models\\PedidoRemocao.js","statementMap":{"0":{"start":{"line":1,"column":22},"end":{"line":1,"column":42}},"1":{"start":{"line":3,"column":0},"end":{"line":64,"column":2}},"2":{"start":{"line":4,"column":24},"end":{"line":61,"column":4}},"3":{"start":{"line":63,"column":2},"end":{"line":63,"column":23}}},"fnMap":{"0":{"name":"(anonymous_0)","decl":{"start":{"line":3,"column":17},"end":{"line":3,"column":18}},"loc":{"start":{"line":3,"column":32},"end":{"line":64,"column":1}},"line":3}},"branchMap":{},"s":{"0":1,"1":1,"2":1,"3":1},"f":{"0":1},"b":{},"_coverageSchema":"1a1c01bbd47fc00a2c39e90264f33305004495a9","hash":"7a66d0e8ec1230b67b165dfd03a7f66ca2cd232f"}
,"C:\\Users\\Pc\\OneDrive\\Documentos\\remocoespcce\\src\\models\\Servidor.js": {"path":"C:\\Users\\Pc\\OneDrive\\Documentos\\remocoespcce\\src\\models\\Servidor.js","statementMap":{"0":{"start":{"line":1,"column":22},"end":{"line":1,"column":42}},"1":{"start":{"line":3,"column":0},"end":{"line":79,"column":2}},"2":{"start":{"line":4,"column":19},"end":{"line":76,"column":4}},"3":{"start":{"line":36,"column":25},"end":{"line":36,"column":35}},"4":{"start":{"line":37,"column":10},"end":{"line":37,"column":47}},"5":{"start":{"line":38,"column":10},"end":{"line":40,"column":11}},"6":{"start":{"line":39,"column":12},"end":{"line":39,"column":69}},"7":{"start":{"line":78,"column":2},"end":{"line":78,"column":18}}},"fnMap":{"0":{"name":"(anonymous_0)","decl":{"start":{"line":3,"column":17},"end":{"line":3,"column":18}},"loc":{"start":{"line":3,"column":32},"end":{"line":79,"column":1}},"line":3},"1":{"name":"(anonymous_1)","decl":{"start":{"line":35,"column":8},"end":{"line":35,"column":9}},"loc":{"start":{"line":35,"column":25},"end":{"line":41,"column":9}},"line":35}},"branchMap":{"0":{"loc":{"start":{"line":38,"column":10},"end":{"line":40,"column":11}},"type":"if","locations":[{"start":{"line":38,"column":10},"end":{"line":40,"column":11}},{"start":{},"end":{}}],"line":38}},"s":{"0":1,"1":1,"2":1,"3":0,"4":0,"5":0,"6":0,"7":1},"f":{"0":1,"1":0},"b":{"0":[0,0]},"_coverageSchema":"1a1c01bbd47fc00a2c39e90264f33305004495a9","hash":"9aa2f1c0ab454391f7ac7e963ea5a4bf05d67c2f"}
,"C:\\Users\\Pc\\OneDrive\\Documentos\\remocoespcce\\src\\models\\index.js": {"path":"C:\\Users\\Pc\\OneDrive\\Documentos\\remocoespcce\\src\\models\\index.js","statementMap":{"0":{"start":{"line":1,"column":18},"end":{"line":1,"column":47}},"1":{"start":{"line":4,"column":15},"end":{"line":4,"column":45}},"2":{"start":{"line":5,"column":17},"end":{"line":5,"column":49}},"3":{"start":{"line":6,"column":22},"end":{"line":6,"column":59}},"4":{"start":{"line":7,"column":21},"end":{"line":7,"column":57}},"5":{"start":{"line":8,"column":25},"end":{"line":8,"column":65}},"6":{"start":{"line":13,"column":0},"end":{"line":17,"column":3}},"7":{"start":{"line":14,"column":2},"end":{"line":16,"column":3}},"8":{"start":{"line":15,"column":4},"end":{"line":15,"column":89}},"9":{"start":{"line":21,"column":0},"end":{"line":26,"column":3}},"10":{"start":{"line":27,"column":0},"end":{"line":30,"column":3}},"11":{"start":{"line":33,"column":0},"end":{"line":38,"column":3}},"12":{"start":{"line":39,"column":0},"end":{"line":42,"column":3}},"13":{"start":{"line":45,"column":0},"end":{"line":45,"column":125}},"14":{"start":{"line":46,"column":0},"end":{"line":46,"column":125}},"15":{"start":{"line":47,"column":0},"end":{"line":47,"column":125}},"16":{"start":{"line":48,"column":0},"end":{"line":48,"column":138}},"17":{"start":{"line":50,"column":0},"end":{"line":57,"column":2}}},"fnMap":{"0":{"name":"(anonymous_0)","decl":{"start":{"line":13,"column":74},"end":{"line":13,"column":75}},"loc":{"start":{"line":13,"column":83},"end":{"line":17,"column":1}},"line":13}},"branchMap":{"0":{"loc":{"start":{"line":14,"column":2},"end":{"line":16,"column":3}},"type":"if","locations":[{"start":{"line":14,"column":2},"end":{"line":16,"column":3}},{"start":{},"end":{}}],"line":14}},"s":{"0":1,"1":1,"2":1,"3":1,"4":1,"5":1,"6":1,"7":5,"8":1,"9":1,"10":1,"11":1,"12":1,"13":1,"14":1,"15":1,"16":1,"17":1},"f":{"0":5},"b":{"0":[1,4]},"_coverageSchema":"1a1c01bbd47fc00a2c39e90264f33305004495a9","hash":"39e8c386c9ba38fe277a221d4d0a51dce529e442"}
,"C:\\Users\\Pc\\OneDrive\\Documentos\\remocoespcce\\src\\services\\algoritmoRemocao.js": {"path":"C:\\Users\\Pc\\OneDrive\\Documentos\\remocoespcce\\src\\services\\algoritmoRemocao.js","statementMap":{"0":{"start":{"line":11,"column":55},"end":{"line":11,"column":75}},"1":{"start":{"line":21,"column":24},"end":{"line":21,"column":27}},"2":{"start":{"line":22,"column":20},"end":{"line":22,"column":25}},"3":{"start":{"line":23,"column":23},"end":{"line":23,"column":27}},"4":{"start":{"line":24,"column":17},"end":{"line":24,"column":18}},"5":{"start":{"line":26,"column":2},"end":{"line":64,"column":3}},"6":{"start":{"line":27,"column":4},"end":{"line":27,"column":27}},"7":{"start":{"line":28,"column":4},"end":{"line":28,"column":15}},"8":{"start":{"line":30,"column":4},"end":{"line":63,"column":5}},"9":{"start":{"line":31,"column":21},"end":{"line":31,"column":49}},"10":{"start":{"line":32,"column":6},"end":{"line":32,"column":35}},"11":{"start":{"line":32,"column":26},"end":{"line":32,"column":35}},"12":{"start":{"line":34,"column":27},"end":{"line":34,"column":60}},"13":{"start":{"line":35,"column":27},"end":{"line":39,"column":23}},"14":{"start":{"line":41,"column":6},"end":{"line":60,"column":7}},"15":{"start":{"line":41,"column":19},"end":{"line":41,"column":20}},"16":{"start":{"line":42,"column":32},"end":{"line":42,"column":47}},"17":{"start":{"line":43,"column":8},"end":{"line":43,"column":55}},"18":{"start":{"line":43,"column":46},"end":{"line":43,"column":55}},"19":{"start":{"line":45,"column":33},"end":{"line":45,"column":64}},"20":{"start":{"line":47,"column":8},"end":{"line":59,"column":9}},"21":{"start":{"line":48,"column":10},"end":{"line":48,"column":59}},"22":{"start":{"line":50,"column":10},"end":{"line":50,"column":70}},"23":{"start":{"line":52,"column":10},"end":{"line":52,"column":32}},"24":{"start":{"line":53,"column":10},"end":{"line":53,"column":49}},"25":{"start":{"line":54,"column":10},"end":{"line":54,"column":70}},"26":{"start":{"line":56,"column":10},"end":{"line":56,"column":32}},"27":{"start":{"line":57,"column":10},"end":{"line":57,"column":29}},"28":{"start":{"line":58,"column":10},"end":{"line":58,"column":16}},"29":{"start":{"line":62,"column":6},"end":{"line":62,"column":32}},"30":{"start":{"line":62,"column":26},"end":{"line":62,"column":32}},"31":{"start":{"line":66,"column":2},"end":{"line":66,"column":21}},"32":{"start":{"line":75,"column":30},"end":{"line":75,"column":70}},"33":{"start":{"line":81,"column":16},"end":{"line":85,"column":4}},"34":{"start":{"line":87,"column":2},"end":{"line":128,"column":3}},"35":{"start":{"line":88,"column":43},"end":{"line":88,"column":54}},"36":{"start":{"line":90,"column":4},"end":{"line":90,"column":44}},"37":{"start":{"line":90,"column":35},"end":{"line":90,"column":44}},"38":{"start":{"line":92,"column":19},"end":{"line":96,"column":66}},"39":{"start":{"line":96,"column":19},"end":{"line":96,"column":65}},"40":{"start":{"line":98,"column":4},"end":{"line":127,"column":5}},"41":{"start":{"line":100,"column":6},"end":{"line":103,"column":7}},"42":{"start":{"line":102,"column":8},"end":{"line":102,"column":64}},"43":{"start":{"line":106,"column":6},"end":{"line":106,"column":43}},"44":{"start":{"line":106,"column":34},"end":{"line":106,"column":43}},"45":{"start":{"line":113,"column":25},"end":{"line":117,"column":7}},"46":{"start":{"line":114,"column":8},"end":{"line":115,"column":48}},"47":{"start":{"line":119,"column":6},"end":{"line":126,"column":7}},"48":{"start":{"line":121,"column":8},"end":{"line":125,"column":11}},"49":{"start":{"line":130,"column":2},"end":{"line":130,"column":14}},"50":{"start":{"line":138,"column":13},"end":{"line":138,"column":23}},"51":{"start":{"line":139,"column":13},"end":{"line":139,"column":23}},"52":{"start":{"line":141,"column":2},"end":{"line":163,"column":3}},"53":{"start":{"line":143,"column":27},"end":{"line":143,"column":85}},"54":{"start":{"line":144,"column":15},"end":{"line":144,"column":55}},"55":{"start":{"line":145,"column":15},"end":{"line":145,"column":55}},"56":{"start":{"line":147,"column":4},"end":{"line":147,"column":34}},"57":{"start":{"line":147,"column":19},"end":{"line":147,"column":34}},"58":{"start":{"line":150,"column":23},"end":{"line":150,"column":103}},"59":{"start":{"line":151,"column":23},"end":{"line":151,"column":103}},"60":{"start":{"line":152,"column":4},"end":{"line":152,"column":86}},"61":{"start":{"line":152,"column":55},"end":{"line":152,"column":86}},"62":{"start":{"line":155,"column":25},"end":{"line":155,"column":109}},"63":{"start":{"line":156,"column":25},"end":{"line":156,"column":109}},"64":{"start":{"line":157,"column":4},"end":{"line":157,"column":94}},"65":{"start":{"line":157,"column":59},"end":{"line":157,"column":94}},"66":{"start":{"line":160,"column":24},"end":{"line":160,"column":56}},"67":{"start":{"line":161,"column":24},"end":{"line":161,"column":56}},"68":{"start":{"line":162,"column":4},"end":{"line":162,"column":70}},"69":{"start":{"line":162,"column":37},"end":{"line":162,"column":70}},"70":{"start":{"line":166,"column":16},"end":{"line":166,"column":42}},"71":{"start":{"line":167,"column":16},"end":{"line":167,"column":42}},"72":{"start":{"line":168,"column":2},"end":{"line":168,"column":64}},"73":{"start":{"line":168,"column":43},"end":{"line":168,"column":64}},"74":{"start":{"line":170,"column":2},"end":{"line":170,"column":50}},"75":{"start":{"line":179,"column":30},"end":{"line":182,"column":4}},"76":{"start":{"line":183,"column":2},"end":{"line":183,"column":71}},"77":{"start":{"line":183,"column":28},"end":{"line":183,"column":71}},"78":{"start":{"line":186,"column":24},"end":{"line":195,"column":4}},"79":{"start":{"line":197,"column":18},"end":{"line":197,"column":40}},"80":{"start":{"line":198,"column":20},"end":{"line":198,"column":22}},"81":{"start":{"line":201,"column":24},"end":{"line":201,"column":77}},"82":{"start":{"line":201,"column":48},"end":{"line":201,"column":76}},"83":{"start":{"line":204,"column":27},"end":{"line":204,"column":111}},"84":{"start":{"line":206,"column":28},"end":{"line":212,"column":3}},"85":{"start":{"line":215,"column":23},"end":{"line":215,"column":78}},"86":{"start":{"line":215,"column":49},"end":{"line":215,"column":77}},"87":{"start":{"line":217,"column":2},"end":{"line":246,"column":3}},"88":{"start":{"line":218,"column":4},"end":{"line":218,"column":70}},"89":{"start":{"line":218,"column":61},"end":{"line":218,"column":70}},"90":{"start":{"line":220,"column":25},"end":{"line":224,"column":5}},"91":{"start":{"line":221,"column":6},"end":{"line":223,"column":38}},"92":{"start":{"line":226,"column":26},"end":{"line":226,"column":62}},"93":{"start":{"line":228,"column":4},"end":{"line":228,"column":63}},"94":{"start":{"line":228,"column":33},"end":{"line":228,"column":61}},"95":{"start":{"line":230,"column":18},"end":{"line":230,"column":58}},"96":{"start":{"line":231,"column":20},"end":{"line":231,"column":29}},"97":{"start":{"line":233,"column":19},"end":{"line":233,"column":84}},"98":{"start":{"line":233,"column":44},"end":{"line":233,"column":76}},"99":{"start":{"line":234,"column":19},"end":{"line":234,"column":84}},"100":{"start":{"line":234,"column":44},"end":{"line":234,"column":76}},"101":{"start":{"line":235,"column":19},"end":{"line":235,"column":84}},"102":{"start":{"line":235,"column":44},"end":{"line":235,"column":76}},"103":{"start":{"line":237,"column":4},"end":{"line":245,"column":7}},"104":{"start":{"line":248,"column":2},"end":{"line":248,"column":19}},"105":{"start":{"line":257,"column":22},"end":{"line":257,"column":51}},"106":{"start":{"line":259,"column":2},"end":{"line":469,"column":3}},"107":{"start":{"line":261,"column":20},"end":{"line":261,"column":57}},"108":{"start":{"line":262,"column":20},"end":{"line":270,"column":6}},"109":{"start":{"line":272,"column":4},"end":{"line":275,"column":5}},"110":{"start":{"line":273,"column":6},"end":{"line":273,"column":35}},"111":{"start":{"line":274,"column":6},"end":{"line":274,"column":105}},"112":{"start":{"line":278,"column":18},"end":{"line":278,"column":27}},"113":{"start":{"line":279,"column":4},"end":{"line":281,"column":5}},"114":{"start":{"line":280,"column":6},"end":{"line":280,"column":50}},"115":{"start":{"line":284,"column":27},"end":{"line":289,"column":6}},"116":{"start":{"line":285,"column":21},"end":{"line":285,"column":49}},"117":{"start":{"line":286,"column":21},"end":{"line":286,"column":97}},"118":{"start":{"line":287,"column":29},"end":{"line":287,"column":65}},"119":{"start":{"line":287,"column":49},"end":{"line":287,"column":64}},"120":{"start":{"line":288,"column":6},"end":{"line":288,"column":28}},"121":{"start":{"line":292,"column":29},"end":{"line":292,"column":93}},"122":{"start":{"line":292,"column":64},"end":{"line":292,"column":92}},"123":{"start":{"line":295,"column":26},"end":{"line":295,"column":35}},"124":{"start":{"line":296,"column":4},"end":{"line":298,"column":5}},"125":{"start":{"line":297,"column":6},"end":{"line":297,"column":87}},"126":{"start":{"line":301,"column":32},"end":{"line":303,"column":6}},"127":{"start":{"line":304,"column":24},"end":{"line":304,"column":33}},"128":{"start":{"line":305,"column":4},"end":{"line":307,"column":7}},"129":{"start":{"line":306,"column":6},"end":{"line":306,"column":58}},"130":{"start":{"line":316,"column":4},"end":{"line":316,"column":86}},"131":{"start":{"line":319,"column":23},"end":{"line":319,"column":27}},"132":{"start":{"line":320,"column":4},"end":{"line":359,"column":5}},"133":{"start":{"line":321,"column":6},"end":{"line":321,"column":27}},"134":{"start":{"line":324,"column":6},"end":{"line":351,"column":7}},"135":{"start":{"line":325,"column":8},"end":{"line":325,"column":59}},"136":{"start":{"line":325,"column":50},"end":{"line":325,"column":59}},"137":{"start":{"line":328,"column":22},"end":{"line":328,"column":74}},"138":{"start":{"line":330,"column":8},"end":{"line":350,"column":9}},"139":{"start":{"line":332,"column":27},"end":{"line":332,"column":50}},"140":{"start":{"line":334,"column":10},"end":{"line":345,"column":11}},"141":{"start":{"line":335,"column":27},"end":{"line":335,"column":61}},"142":{"start":{"line":336,"column":29},"end":{"line":340,"column":46}},"143":{"start":{"line":342,"column":12},"end":{"line":342,"column":34}},"144":{"start":{"line":343,"column":12},"end":{"line":343,"column":55}},"145":{"start":{"line":344,"column":12},"end":{"line":344,"column":94}},"146":{"start":{"line":347,"column":10},"end":{"line":347,"column":30}},"147":{"start":{"line":349,"column":10},"end":{"line":349,"column":16}},"148":{"start":{"line":356,"column":6},"end":{"line":358,"column":7}},"149":{"start":{"line":357,"column":8},"end":{"line":357,"column":95}},"150":{"start":{"line":363,"column":4},"end":{"line":363,"column":85}},"151":{"start":{"line":367,"column":26},"end":{"line":367,"column":28}},"152":{"start":{"line":368,"column":25},"end":{"line":368,"column":27}},"153":{"start":{"line":369,"column":23},"end":{"line":369,"column":64}},"154":{"start":{"line":369,"column":48},"end":{"line":369,"column":62}},"155":{"start":{"line":371,"column":4},"end":{"line":407,"column":5}},"156":{"start":{"line":372,"column":21},"end":{"line":372,"column":49}},"157":{"start":{"line":374,"column":6},"end":{"line":406,"column":7}},"158":{"start":{"line":375,"column":8},"end":{"line":379,"column":28}},"159":{"start":{"line":381,"column":8},"end":{"line":388,"column":11}},"160":{"start":{"line":390,"column":8},"end":{"line":393,"column":28}},"161":{"start":{"line":395,"column":8},"end":{"line":405,"column":11}},"162":{"start":{"line":410,"column":31},"end":{"line":410,"column":33}},"163":{"start":{"line":411,"column":4},"end":{"line":418,"column":5}},"164":{"start":{"line":412,"column":6},"end":{"line":417,"column":9}},"165":{"start":{"line":422,"column":21},"end":{"line":422,"column":30}},"166":{"start":{"line":423,"column":4},"end":{"line":423,"column":48}},"167":{"start":{"line":423,"column":25},"end":{"line":423,"column":46}},"168":{"start":{"line":426,"column":4},"end":{"line":443,"column":5}},"169":{"start":{"line":427,"column":6},"end":{"line":442,"column":7}},"170":{"start":{"line":428,"column":23},"end":{"line":428,"column":68}},"171":{"start":{"line":428,"column":50},"end":{"line":428,"column":67}},"172":{"start":{"line":429,"column":8},"end":{"line":441,"column":9}},"173":{"start":{"line":430,"column":27},"end":{"line":430,"column":60}},"174":{"start":{"line":431,"column":28},"end":{"line":431,"column":48}},"175":{"start":{"line":434,"column":10},"end":{"line":436,"column":11}},"176":{"start":{"line":435,"column":12},"end":{"line":435,"column":70}},"177":{"start":{"line":438,"column":10},"end":{"line":440,"column":11}},"178":{"start":{"line":439,"column":12},"end":{"line":439,"column":72}},"179":{"start":{"line":446,"column":4},"end":{"line":453,"column":5}},"180":{"start":{"line":447,"column":20},"end":{"line":447,"column":48}},"181":{"start":{"line":448,"column":20},"end":{"line":448,"column":53}},"182":{"start":{"line":450,"column":18},"end":{"line":450,"column":44}},"183":{"start":{"line":452,"column":6},"end":{"line":452,"column":65}},"184":{"start":{"line":455,"column":4},"end":{"line":455,"column":31}},"185":{"start":{"line":457,"column":4},"end":{"line":464,"column":6}},"186":{"start":{"line":467,"column":4},"end":{"line":467,"column":33}},"187":{"start":{"line":468,"column":4},"end":{"line":468,"column":16}},"188":{"start":{"line":472,"column":0},"end":{"line":472,"column":80}}},"fnMap":{"0":{"name":"executarAlocacaoDireta","decl":{"start":{"line":20,"column":9},"end":{"line":20,"column":31}},"loc":{"start":{"line":20,"column":90},"end":{"line":67,"column":1}},"line":20},"1":{"name":"buscarCiclo","decl":{"start":{"line":74,"column":9},"end":{"line":74,"column":20}},"loc":{"start":{"line":74,"column":83},"end":{"line":131,"column":1}},"line":74},"2":{"name":"(anonymous_2)","decl":{"start":{"line":96,"column":13},"end":{"line":96,"column":14}},"loc":{"start":{"line":96,"column":19},"end":{"line":96,"column":65}},"line":96},"3":{"name":"(anonymous_3)","decl":{"start":{"line":113,"column":49},"end":{"line":113,"column":50}},"loc":{"start":{"line":114,"column":8},"end":{"line":115,"column":48}},"line":114},"4":{"name":"compararPedidos","decl":{"start":{"line":137,"column":9},"end":{"line":137,"column":24}},"loc":{"start":{"line":137,"column":38},"end":{"line":171,"column":1}},"line":137},"5":{"name":"calcularRankingSimulado","decl":{"start":{"line":177,"column":15},"end":{"line":177,"column":38}},"loc":{"start":{"line":177,"column":89},"end":{"line":249,"column":1}},"line":177},"6":{"name":"(anonymous_6)","decl":{"start":{"line":201,"column":43},"end":{"line":201,"column":44}},"loc":{"start":{"line":201,"column":48},"end":{"line":201,"column":76}},"line":201},"7":{"name":"(anonymous_7)","decl":{"start":{"line":215,"column":44},"end":{"line":215,"column":45}},"loc":{"start":{"line":215,"column":49},"end":{"line":215,"column":77}},"line":215},"8":{"name":"(anonymous_8)","decl":{"start":{"line":220,"column":45},"end":{"line":220,"column":46}},"loc":{"start":{"line":221,"column":6},"end":{"line":223,"column":38}},"line":221},"9":{"name":"(anonymous_9)","decl":{"start":{"line":228,"column":23},"end":{"line":228,"column":24}},"loc":{"start":{"line":228,"column":33},"end":{"line":228,"column":61}},"line":228},"10":{"name":"(anonymous_10)","decl":{"start":{"line":233,"column":39},"end":{"line":233,"column":40}},"loc":{"start":{"line":233,"column":44},"end":{"line":233,"column":76}},"line":233},"11":{"name":"(anonymous_11)","decl":{"start":{"line":234,"column":39},"end":{"line":234,"column":40}},"loc":{"start":{"line":234,"column":44},"end":{"line":234,"column":76}},"line":234},"12":{"name":"(anonymous_12)","decl":{"start":{"line":235,"column":39},"end":{"line":235,"column":40}},"loc":{"start":{"line":235,"column":44},"end":{"line":235,"column":76}},"line":235},"13":{"name":"processarRemocao","decl":{"start":{"line":256,"column":15},"end":{"line":256,"column":31}},"loc":{"start":{"line":256,"column":76},"end":{"line":470,"column":1}},"line":256},"14":{"name":"(anonymous_14)","decl":{"start":{"line":284,"column":42},"end":{"line":284,"column":43}},"loc":{"start":{"line":284,"column":47},"end":{"line":289,"column":5}},"line":284},"15":{"name":"(anonymous_15)","decl":{"start":{"line":287,"column":41},"end":{"line":287,"column":42}},"loc":{"start":{"line":287,"column":49},"end":{"line":287,"column":64}},"line":287},"16":{"name":"(anonymous_16)","decl":{"start":{"line":292,"column":54},"end":{"line":292,"column":55}},"loc":{"start":{"line":292,"column":64},"end":{"line":292,"column":92}},"line":292},"17":{"name":"(anonymous_17)","decl":{"start":{"line":305,"column":32},"end":{"line":305,"column":33}},"loc":{"start":{"line":305,"column":40},"end":{"line":307,"column":5}},"line":305},"18":{"name":"(anonymous_18)","decl":{"start":{"line":369,"column":43},"end":{"line":369,"column":44}},"loc":{"start":{"line":369,"column":48},"end":{"line":369,"column":62}},"line":369},"19":{"name":"(anonymous_19)","decl":{"start":{"line":423,"column":20},"end":{"line":423,"column":21}},"loc":{"start":{"line":423,"column":25},"end":{"line":423,"column":46}},"line":423},"20":{"name":"(anonymous_20)","decl":{"start":{"line":428,"column":45},"end":{"line":428,"column":46}},"loc":{"start":{"line":428,"column":50},"end":{"line":428,"column":67}},"line":428}},"branchMap":{"0":{"loc":{"start":{"line":26,"column":9},"end":{"line":26,"column":51}},"type":"binary-expr","locations":[{"start":{"line":26,"column":9},"end":{"line":26,"column":23}},{"start":{"line":26,"column":27},"end":{"line":26,"column":51}}],"line":26},"1":{"loc":{"start":{"line":32,"column":6},"end":{"line":32,"column":35}},"type":"if","locations":[{"start":{"line":32,"column":6},"end":{"line":32,"column":35}},{"start":{},"end":{}}],"line":32},"2":{"loc":{"start":{"line":43,"column":8},"end":{"line":43,"column":55}},"type":"if","locations":[{"start":{"line":43,"column":8},"end":{"line":43,"column":55}},{"start":{},"end":{}}],"line":43},"3":{"loc":{"start":{"line":45,"column":33},"end":{"line":45,"column":64}},"type":"binary-expr","locations":[{"start":{"line":45,"column":33},"end":{"line":45,"column":59}},{"start":{"line":45,"column":63},"end":{"line":45,"column":64}}],"line":45},"4":{"loc":{"start":{"line":47,"column":8},"end":{"line":59,"column":9}},"type":"if","locations":[{"start":{"line":47,"column":8},"end":{"line":59,"column":9}},{"start":{},"end":{}}],"line":47},"5":{"loc":{"start":{"line":50,"column":35},"end":{"line":50,"column":63}},"type":"binary-expr","locations":[{"start":{"line":50,"column":35},"end":{"line":50,"column":58}},{"start":{"line":50,"column":62},"end":{"line":50,"column":63}}],"line":50},"6":{"loc":{"start":{"line":62,"column":6},"end":{"line":62,"column":32}},"type":"if","locations":[{"start":{"line":62,"column":6},"end":{"line":62,"column":32}},{"start":{},"end":{}}],"line":62},"7":{"loc":{"start":{"line":74,"column":69},"end":{"line":74,"column":81}},"type":"default-arg","locations":[{"start":{"line":74,"column":79},"end":{"line":74,"column":81}}],"line":74},"8":{"loc":{"start":{"line":90,"column":4},"end":{"line":90,"column":44}},"type":"if","locations":[{"start":{"line":90,"column":4},"end":{"line":90,"column":44}},{"start":{},"end":{}}],"line":90},"9":{"loc":{"start":{"line":96,"column":19},"end":{"line":96,"column":65}},"type":"binary-expr","locations":[{"start":{"line":96,"column":19},"end":{"line":96,"column":21}},{"start":{"line":96,"column":25},"end":{"line":96,"column":65}}],"line":96},"10":{"loc":{"start":{"line":100,"column":6},"end":{"line":103,"column":7}},"type":"if","locations":[{"start":{"line":100,"column":6},"end":{"line":103,"column":7}},{"start":{},"end":{}}],"line":100},"11":{"loc":{"start":{"line":106,"column":6},"end":{"line":106,"column":43}},"type":"if","locations":[{"start":{"line":106,"column":6},"end":{"line":106,"column":43}},{"start":{},"end":{}}],"line":106},"12":{"loc":{"start":{"line":114,"column":8},"end":{"line":115,"column":48}},"type":"binary-expr","locations":[{"start":{"line":114,"column":8},"end":{"line":114,"column":40}},{"start":{"line":115,"column":8},"end":{"line":115,"column":48}}],"line":114},"13":{"loc":{"start":{"line":141,"column":2},"end":{"line":163,"column":3}},"type":"if","locations":[{"start":{"line":141,"column":2},"end":{"line":163,"column":3}},{"start":{},"end":{}}],"line":141},"14":{"loc":{"start":{"line":144,"column":15},"end":{"line":144,"column":55}},"type":"binary-expr","locations":[{"start":{"line":144,"column":15},"end":{"line":144,"column":50}},{"start":{"line":144,"column":54},"end":{"line":144,"column":55}}],"line":144},"15":{"loc":{"start":{"line":145,"column":15},"end":{"line":145,"column":55}},"type":"binary-expr","locations":[{"start":{"line":145,"column":15},"end":{"line":145,"column":50}},{"start":{"line":145,"column":54},"end":{"line":145,"column":55}}],"line":145},"16":{"loc":{"start":{"line":147,"column":4},"end":{"line":147,"column":34}},"type":"if","locations":[{"start":{"line":147,"column":4},"end":{"line":147,"column":34}},{"start":{},"end":{}}],"line":147},"17":{"loc":{"start":{"line":150,"column":23},"end":{"line":150,"column":103}},"type":"cond-expr","locations":[{"start":{"line":150,"column":45},"end":{"line":150,"column":74}},{"start":{"line":150,"column":77},"end":{"line":150,"column":103}}],"line":150},"18":{"loc":{"start":{"line":151,"column":23},"end":{"line":151,"column":103}},"type":"cond-expr","locations":[{"start":{"line":151,"column":45},"end":{"line":151,"column":74}},{"start":{"line":151,"column":77},"end":{"line":151,"column":103}}],"line":151},"19":{"loc":{"start":{"line":152,"column":4},"end":{"line":152,"column":86}},"type":"if","locations":[{"start":{"line":152,"column":4},"end":{"line":152,"column":86}},{"start":{},"end":{}}],"line":152},"20":{"loc":{"start":{"line":155,"column":25},"end":{"line":155,"column":109}},"type":"cond-expr","locations":[{"start":{"line":155,"column":49},"end":{"line":155,"column":80}},{"start":{"line":155,"column":83},"end":{"line":155,"column":109}}],"line":155},"21":{"loc":{"start":{"line":156,"column":25},"end":{"line":156,"column":109}},"type":"cond-expr","locations":[{"start":{"line":156,"column":49},"end":{"line":156,"column":80}},{"start":{"line":156,"column":83},"end":{"line":156,"column":109}}],"line":156},"22":{"loc":{"start":{"line":157,"column":4},"end":{"line":157,"column":94}},"type":"if","locations":[{"start":{"line":157,"column":4},"end":{"line":157,"column":94}},{"start":{},"end":{}}],"line":157},"23":{"loc":{"start":{"line":160,"column":24},"end":{"line":160,"column":56}},"type":"binary-expr","locations":[{"start":{"line":160,"column":24},"end":{"line":160,"column":51}},{"start":{"line":160,"column":55},"end":{"line":160,"column":56}}],"line":160},"24":{"loc":{"start":{"line":161,"column":24},"end":{"line":161,"column":56}},"type":"binary-expr","locations":[{"start":{"line":161,"column":24},"end":{"line":161,"column":51}},{"start":{"line":161,"column":55},"end":{"line":161,"column":56}}],"line":161},"25":{"loc":{"start":{"line":162,"column":4},"end":{"line":162,"column":70}},"type":"if","locations":[{"start":{"line":162,"column":4},"end":{"line":162,"column":70}},{"start":{},"end":{}}],"line":162},"26":{"loc":{"start":{"line":168,"column":2},"end":{"line":168,"column":64}},"type":"if","locations":[{"start":{"line":168,"column":2},"end":{"line":168,"column":64}},{"start":{},"end":{}}],"line":168},"27":{"loc":{"start":{"line":177,"column":51},"end":{"line":177,"column":71}},"type":"default-arg","locations":[{"start":{"line":177,"column":59},"end":{"line":177,"column":71}}],"line":177},"28":{"loc":{"start":{"line":177,"column":73},"end":{"line":177,"column":87}},"type":"default-arg","locations":[{"start":{"line":177,"column":85},"end":{"line":177,"column":87}}],"line":177},"29":{"loc":{"start":{"line":183,"column":2},"end":{"line":183,"column":71}},"type":"if","locations":[{"start":{"line":183,"column":2},"end":{"line":183,"column":71}},{"start":{},"end":{}}],"line":183},"30":{"loc":{"start":{"line":204,"column":27},"end":{"line":204,"column":111}},"type":"binary-expr","locations":[{"start":{"line":204,"column":27},"end":{"line":204,"column":43}},{"start":{"line":204,"column":48},"end":{"line":204,"column":110}}],"line":204},"31":{"loc":{"start":{"line":204,"column":48},"end":{"line":204,"column":110}},"type":"cond-expr","locations":[{"start":{"line":204,"column":66},"end":{"line":204,"column":99}},{"start":{"line":204,"column":102},"end":{"line":204,"column":110}}],"line":204},"32":{"loc":{"start":{"line":207,"column":8},"end":{"line":207,"column":57}},"type":"cond-expr","locations":[{"start":{"line":207,"column":26},"end":{"line":207,"column":44}},{"start":{"line":207,"column":47},"end":{"line":207,"column":57}}],"line":207},"33":{"loc":{"start":{"line":218,"column":4},"end":{"line":218,"column":70}},"type":"if","locations":[{"start":{"line":218,"column":4},"end":{"line":218,"column":70}},{"start":{},"end":{}}],"line":218},"34":{"loc":{"start":{"line":221,"column":6},"end":{"line":223,"column":38}},"type":"binary-expr","locations":[{"start":{"line":221,"column":6},"end":{"line":221,"column":38}},{"start":{"line":222,"column":6},"end":{"line":222,"column":38}},{"start":{"line":223,"column":6},"end":{"line":223,"column":38}}],"line":221},"35":{"loc":{"start":{"line":256,"column":32},"end":{"line":256,"column":53}},"type":"default-arg","locations":[{"start":{"line":256,"column":40},"end":{"line":256,"column":53}}],"line":256},"36":{"loc":{"start":{"line":256,"column":55},"end":{"line":256,"column":74}},"type":"default-arg","locations":[{"start":{"line":256,"column":73},"end":{"line":256,"column":74}}],"line":256},"37":{"loc":{"start":{"line":272,"column":4},"end":{"line":275,"column":5}},"type":"if","locations":[{"start":{"line":272,"column":4},"end":{"line":275,"column":5}},{"start":{},"end":{}}],"line":272},"38":{"loc":{"start":{"line":325,"column":8},"end":{"line":325,"column":59}},"type":"if","locations":[{"start":{"line":325,"column":8},"end":{"line":325,"column":59}},{"start":{},"end":{}}],"line":325},"39":{"loc":{"start":{"line":330,"column":8},"end":{"line":350,"column":9}},"type":"if","locations":[{"start":{"line":330,"column":8},"end":{"line":350,"column":9}},{"start":{},"end":{}}],"line":330},"40":{"loc":{"start":{"line":356,"column":6},"end":{"line":358,"column":7}},"type":"if","locations":[{"start":{"line":356,"column":6},"end":{"line":358,"column":7}},{"start":{},"end":{}}],"line":356},"41":{"loc":{"start":{"line":374,"column":6},"end":{"line":406,"column":7}},"type":"if","locations":[{"start":{"line":374,"column":6},"end":{"line":406,"column":7}},{"start":{"line":389,"column":13},"end":{"line":406,"column":7}}],"line":374},"42":{"loc":{"start":{"line":385,"column":24},"end":{"line":385,"column":82}},"type":"binary-expr","locations":[{"start":{"line":385,"column":24},"end":{"line":385,"column":73}},{"start":{"line":385,"column":77},"end":{"line":385,"column":82}}],"line":385},"43":{"loc":{"start":{"line":386,"column":25},"end":{"line":386,"column":70}},"type":"binary-expr","locations":[{"start":{"line":386,"column":25},"end":{"line":386,"column":61}},{"start":{"line":386,"column":65},"end":{"line":386,"column":70}}],"line":386},"44":{"loc":{"start":{"line":399,"column":24},"end":{"line":399,"column":82}},"type":"binary-expr","locations":[{"start":{"line":399,"column":24},"end":{"line":399,"column":73}},{"start":{"line":399,"column":77},"end":{"line":399,"column":82}}],"line":399},"45":{"loc":{"start":{"line":416,"column":21},"end":{"line":416,"column":46}},"type":"binary-expr","locations":[{"start":{"line":416,"column":21},"end":{"line":416,"column":41}},{"start":{"line":416,"column":45},"end":{"line":416,"column":46}}],"line":416},"46":{"loc":{"start":{"line":427,"column":6},"end":{"line":442,"column":7}},"type":"if","locations":[{"start":{"line":427,"column":6},"end":{"line":442,"column":7}},{"start":{},"end":{}}],"line":427},"47":{"loc":{"start":{"line":429,"column":8},"end":{"line":441,"column":9}},"type":"if","locations":[{"start":{"line":429,"column":8},"end":{"line":441,"column":9}},{"start":{},"end":{}}],"line":429},"48":{"loc":{"start":{"line":434,"column":10},"end":{"line":436,"column":11}},"type":"if","locations":[{"start":{"line":434,"column":10},"end":{"line":436,"column":11}},{"start":{},"end":{}}],"line":434},"49":{"loc":{"start":{"line":435,"column":36},"end":{"line":435,"column":63}},"type":"binary-expr","locations":[{"start":{"line":435,"column":36},"end":{"line":435,"column":58}},{"start":{"line":435,"column":62},"end":{"line":435,"column":63}}],"line":435},"50":{"loc":{"start":{"line":438,"column":10},"end":{"line":440,"column":11}},"type":"if","locations":[{"start":{"line":438,"column":10},"end":{"line":440,"column":11}},{"start":{},"end":{}}],"line":438},"51":{"loc":{"start":{"line":439,"column":37},"end":{"line":439,"column":65}},"type":"binary-expr","locations":[{"start":{"line":439,"column":37},"end":{"line":439,"column":60}},{"start":{"line":439,"column":64},"end":{"line":439,"column":65}}],"line":439},"52":{"loc":{"start":{"line":447,"column":20},"end":{"line":447,"column":48}},"type":"binary-expr","locations":[{"start":{"line":447,"column":20},"end":{"line":447,"column":43}},{"start":{"line":447,"column":47},"end":{"line":447,"column":48}}],"line":447},"53":{"loc":{"start":{"line":448,"column":20},"end":{"line":448,"column":53}},"type":"binary-expr","locations":[{"start":{"line":448,"column":20},"end":{"line":448,"column":48}},{"start":{"line":448,"column":52},"end":{"line":448,"column":53}}],"line":448}},"s":{"0":1,"1":0,"2":0,"3":0,"4":0,"5":0,"6":0,"7":0,"8":0,"9":0,"10":0,"11":0,"12":0,"13":0,"14":0,"15":0,"16":0,"17":0,"18":0,"19":0,"20":0,"21":0,"22":0,"23":0,"24":0,"25":0,"26":0,"27":0,"28":0,"29":0,"30":0,"31":0,"32":0,"33":0,"34":0,"35":0,"36":0,"37":0,"38":0,"39":0,"40":0,"41":0,"42":0,"43":0,"44":0,"45":0,"46":0,"47":0,"48":0,"49":0,"50":4,"51":4,"52":4,"53":2,"54":2,"55":2,"56":2,"57":1,"58":1,"59":1,"60":1,"61":1,"62":0,"63":0,"64":0,"65":0,"66":0,"67":0,"68":0,"69":0,"70":2,"71":2,"72":2,"73":1,"74":1,"75":0,"76":0,"77":0,"78":0,"79":0,"80":0,"81":0,"82":0,"83":0,"84":0,"85":0,"86":0,"87":0,"88":0,"89":0,"90":0,"91":0,"92":0,"93":0,"94":0,"95":0,"96":0,"97":0,"98":0,"99":0,"100":0,"101":0,"102":0,"103":0,"104":0,"105":0,"106":0,"107":0,"108":0,"109":0,"110":0,"111":0,"112":0,"113":0,"114":0,"115":0,"116":0,"117":0,"118":0,"119":0,"120":0,"121":0,"122":0,"123":0,"124":0,"125":0,"126":0,"127":0,"128":0,"129":0,"130":0,"131":0,"132":0,"133":0,"134":0,"135":0,"136":0,"137":0,"138":0,"139":0,"140":0,"141":0,"142":0,"143":0,"144":0,"145":0,"146":0,"147":0,"148":0,"149":0,"150":0,"151":0,"152":0,"153":0,"154":0,"155":0,"156":0,"157":0,"158":0,"159":0,"160":0,"161":0,"162":0,"163":0,"164":0,"165":0,"166":0,"167":0,"168":0,"169":0,"170":0,"171":0,"172":0,"173":0,"174":0,"175":0,"176":0,"177":0,"178":0,"179":0,"180":0,"181":0,"182":0,"183":0,"184":0,"185":0,"186":0,"187":0,"188":1},"f":{"0":0,"1":0,"2":0,"3":0,"4":4,"5":0,"6":0,"7":0,"8":0,"9":0,"10":0,"11":0,"12":0,"13":0,"14":0,"15":0,"16":0,"17":0,"18":0,"19":0,"20":0},"b":{"0":[0,0],"1":[0,0],"2":[0,0],"3":[0,0],"4":[0,0],"5":[0,0],"6":[0,0],"7":[0],"8":[0,0],"9":[0,0],"10":[0,0],"11":[0,0],"12":[0,0],"13":[2,2],"14":[2,2],"15":[2,1],"16":[1,1],"17":[1,0],"18":[1,0],"19":[1,0],"20":[0,0],"21":[0,0],"22":[0,0],"23":[0,0],"24":[0,0],"25":[0,0],"26":[1,1],"27":[0],"28":[0],"29":[0,0],"30":[0,0],"31":[0,0],"32":[0,0],"33":[0,0],"34":[0,0,0],"35":[0],"36":[0],"37":[0,0],"38":[0,0],"39":[0,0],"40":[0,0],"41":[0,0],"42":[0,0],"43":[0,0],"44":[0,0],"45":[0,0],"46":[0,0],"47":[0,0],"48":[0,0],"49":[0,0],"50":[0,0],"51":[0,0],"52":[0,0],"53":[0,0]},"_coverageSchema":"1a1c01bbd47fc00a2c39e90264f33305004495a9","hash":"e554fc0d7645f1a7f4427e4e084c655f1de9406f"}
}
