TN:
SF:src\config\database.js
FNF:0
FNH:0
DA:1,1
DA:3,1
DA:24,1
DA:25,1
DA:28,1
DA:35,1
LF:6
LH:6
BRDA:4,0,0,1
BRDA:4,0,1,1
BRDA:5,1,0,1
BRDA:5,1,1,1
BRDA:6,2,0,1
BRDA:6,2,1,1
BRDA:7,3,0,1
BRDA:7,3,1,1
BRDA:8,4,0,0
BRDA:8,4,1,1
BRDA:8,5,0,0
BRDA:8,5,1,1
BRDA:24,6,0,1
BRDA:24,6,1,0
BRDA:29,7,0,1
BRDA:29,7,1,1
BRDA:30,8,0,1
BRDA:30,8,1,1
BRDA:31,9,0,1
BRDA:31,9,1,1
BRF:20
BRH:17
end_of_record
TN:
SF:src\models\Cidade.js
FN:3,(anonymous_0)
FNF:1
FNH:1
FNDA:1,(anonymous_0)
DA:1,1
DA:3,1
DA:4,1
DA:53,1
LF:4
LH:4
BRF:0
BRH:0
end_of_record
TN:
SF:src\models\Configuracao.js
FN:3,(anonymous_0)
FNF:1
FNH:1
FNDA:1,(anonymous_0)
DA:1,1
DA:3,1
DA:4,1
DA:32,1
LF:4
LH:4
BRF:0
BRH:0
end_of_record
TN:
SF:src\models\HistoricoRemocao.js
FN:3,(anonymous_0)
FN:47,(anonymous_1)
FNF:2
FNH:2
FNDA:1,(anonymous_0)
FNDA:1,(anonymous_1)
DA:1,1
DA:3,1
DA:4,1
DA:47,1
DA:48,1
DA:49,1
DA:50,1
DA:53,1
LF:8
LH:8
BRF:0
BRH:0
end_of_record
TN:
SF:src\models\PedidoRemocao.js
FN:3,(anonymous_0)
FNF:1
FNH:1
FNDA:1,(anonymous_0)
DA:1,1
DA:3,1
DA:4,1
DA:63,1
LF:4
LH:4
BRF:0
BRH:0
end_of_record
TN:
SF:src\models\Servidor.js
FN:3,(anonymous_0)
FN:35,(anonymous_1)
FNF:2
FNH:1
FNDA:1,(anonymous_0)
FNDA:0,(anonymous_1)
DA:1,1
DA:3,1
DA:4,1
DA:36,0
DA:37,0
DA:38,0
DA:39,0
DA:78,1
LF:8
LH:4
BRDA:38,0,0,0
BRDA:38,0,1,0
BRF:2
BRH:0
end_of_record
TN:
SF:src\models\index.js
FN:13,(anonymous_0)
FNF:1
FNH:1
FNDA:5,(anonymous_0)
DA:1,1
DA:4,1
DA:5,1
DA:6,1
DA:7,1
DA:8,1
DA:13,1
DA:14,5
DA:15,1
DA:21,1
DA:27,1
DA:33,1
DA:39,1
DA:45,1
DA:46,1
DA:47,1
DA:48,1
DA:50,1
LF:18
LH:18
BRDA:14,0,0,1
BRDA:14,0,1,4
BRF:2
BRH:2
end_of_record
TN:
SF:src\services\algoritmoRemocao.js
FN:20,executarAlocacaoDireta
FN:74,buscarCiclo
FN:96,(anonymous_2)
FN:113,(anonymous_3)
FN:137,compararPedidos
FN:177,calcularRankingSimulado
FN:201,(anonymous_6)
FN:215,(anonymous_7)
FN:220,(anonymous_8)
FN:228,(anonymous_9)
FN:233,(anonymous_10)
FN:234,(anonymous_11)
FN:235,(anonymous_12)
FN:256,processarRemocao
FN:284,(anonymous_14)
FN:287,(anonymous_15)
FN:292,(anonymous_16)
FN:305,(anonymous_17)
FN:369,(anonymous_18)
FN:423,(anonymous_19)
FN:428,(anonymous_20)
FNF:21
FNH:1
FNDA:0,executarAlocacaoDireta
FNDA:0,buscarCiclo
FNDA:0,(anonymous_2)
FNDA:0,(anonymous_3)
FNDA:4,compararPedidos
FNDA:0,calcularRankingSimulado
FNDA:0,(anonymous_6)
FNDA:0,(anonymous_7)
FNDA:0,(anonymous_8)
FNDA:0,(anonymous_9)
FNDA:0,(anonymous_10)
FNDA:0,(anonymous_11)
FNDA:0,(anonymous_12)
FNDA:0,processarRemocao
FNDA:0,(anonymous_14)
FNDA:0,(anonymous_15)
FNDA:0,(anonymous_16)
FNDA:0,(anonymous_17)
FNDA:0,(anonymous_18)
FNDA:0,(anonymous_19)
FNDA:0,(anonymous_20)
DA:11,1
DA:21,0
DA:22,0
DA:23,0
DA:24,0
DA:26,0
DA:27,0
DA:28,0
DA:30,0
DA:31,0
DA:32,0
DA:34,0
DA:35,0
DA:41,0
DA:42,0
DA:43,0
DA:45,0
DA:47,0
DA:48,0
DA:50,0
DA:52,0
DA:53,0
DA:54,0
DA:56,0
DA:57,0
DA:58,0
DA:62,0
DA:66,0
DA:75,0
DA:81,0
DA:87,0
DA:88,0
DA:90,0
DA:92,0
DA:96,0
DA:98,0
DA:100,0
DA:102,0
DA:106,0
DA:113,0
DA:114,0
DA:119,0
DA:121,0
DA:130,0
DA:138,4
DA:139,4
DA:141,4
DA:143,2
DA:144,2
DA:145,2
DA:147,2
DA:150,1
DA:151,1
DA:152,1
DA:155,0
DA:156,0
DA:157,0
DA:160,0
DA:161,0
DA:162,0
DA:166,2
DA:167,2
DA:168,2
DA:170,1
DA:179,0
DA:183,0
DA:186,0
DA:197,0
DA:198,0
DA:201,0
DA:204,0
DA:206,0
DA:215,0
DA:217,0
DA:218,0
DA:220,0
DA:221,0
DA:226,0
DA:228,0
DA:230,0
DA:231,0
DA:233,0
DA:234,0
DA:235,0
DA:237,0
DA:248,0
DA:257,0
DA:259,0
DA:261,0
DA:262,0
DA:272,0
DA:273,0
DA:274,0
DA:278,0
DA:279,0
DA:280,0
DA:284,0
DA:285,0
DA:286,0
DA:287,0
DA:288,0
DA:292,0
DA:295,0
DA:296,0
DA:297,0
DA:301,0
DA:304,0
DA:305,0
DA:306,0
DA:316,0
DA:319,0
DA:320,0
DA:321,0
DA:324,0
DA:325,0
DA:328,0
DA:330,0
DA:332,0
DA:334,0
DA:335,0
DA:336,0
DA:342,0
DA:343,0
DA:344,0
DA:347,0
DA:349,0
DA:356,0
DA:357,0
DA:363,0
DA:367,0
DA:368,0
DA:369,0
DA:371,0
DA:372,0
DA:374,0
DA:375,0
DA:381,0
DA:390,0
DA:395,0
DA:410,0
DA:411,0
DA:412,0
DA:422,0
DA:423,0
DA:426,0
DA:427,0
DA:428,0
DA:429,0
DA:430,0
DA:431,0
DA:434,0
DA:435,0
DA:438,0
DA:439,0
DA:446,0
DA:447,0
DA:448,0
DA:450,0
DA:452,0
DA:455,0
DA:457,0
DA:467,0
DA:468,0
DA:472,1
LF:164
LH:16
BRDA:26,0,0,0
BRDA:26,0,1,0
BRDA:32,1,0,0
BRDA:32,1,1,0
BRDA:43,2,0,0
BRDA:43,2,1,0
BRDA:45,3,0,0
BRDA:45,3,1,0
BRDA:47,4,0,0
BRDA:47,4,1,0
BRDA:50,5,0,0
BRDA:50,5,1,0
BRDA:62,6,0,0
BRDA:62,6,1,0
BRDA:74,7,0,0
BRDA:90,8,0,0
BRDA:90,8,1,0
BRDA:96,9,0,0
BRDA:96,9,1,0
BRDA:100,10,0,0
BRDA:100,10,1,0
BRDA:106,11,0,0
BRDA:106,11,1,0
BRDA:114,12,0,0
BRDA:114,12,1,0
BRDA:141,13,0,2
BRDA:141,13,1,2
BRDA:144,14,0,2
BRDA:144,14,1,2
BRDA:145,15,0,2
BRDA:145,15,1,1
BRDA:147,16,0,1
BRDA:147,16,1,1
BRDA:150,17,0,1
BRDA:150,17,1,0
BRDA:151,18,0,1
BRDA:151,18,1,0
BRDA:152,19,0,1
BRDA:152,19,1,0
BRDA:155,20,0,0
BRDA:155,20,1,0
BRDA:156,21,0,0
BRDA:156,21,1,0
BRDA:157,22,0,0
BRDA:157,22,1,0
BRDA:160,23,0,0
BRDA:160,23,1,0
BRDA:161,24,0,0
BRDA:161,24,1,0
BRDA:162,25,0,0
BRDA:162,25,1,0
BRDA:168,26,0,1
BRDA:168,26,1,1
BRDA:177,27,0,0
BRDA:177,28,0,0
BRDA:183,29,0,0
BRDA:183,29,1,0
BRDA:204,30,0,0
BRDA:204,30,1,0
BRDA:204,31,0,0
BRDA:204,31,1,0
BRDA:207,32,0,0
BRDA:207,32,1,0
BRDA:218,33,0,0
BRDA:218,33,1,0
BRDA:221,34,0,0
BRDA:221,34,1,0
BRDA:221,34,2,0
BRDA:256,35,0,0
BRDA:256,36,0,0
BRDA:272,37,0,0
BRDA:272,37,1,0
BRDA:325,38,0,0
BRDA:325,38,1,0
BRDA:330,39,0,0
BRDA:330,39,1,0
BRDA:356,40,0,0
BRDA:356,40,1,0
BRDA:374,41,0,0
BRDA:374,41,1,0
BRDA:385,42,0,0
BRDA:385,42,1,0
BRDA:386,43,0,0
BRDA:386,43,1,0
BRDA:399,44,0,0
BRDA:399,44,1,0
BRDA:416,45,0,0
BRDA:416,45,1,0
BRDA:427,46,0,0
BRDA:427,46,1,0
BRDA:429,47,0,0
BRDA:429,47,1,0
BRDA:434,48,0,0
BRDA:434,48,1,0
BRDA:435,49,0,0
BRDA:435,49,1,0
BRDA:438,50,0,0
BRDA:438,50,1,0
BRDA:439,51,0,0
BRDA:439,51,1,0
BRDA:447,52,0,0
BRDA:447,52,1,0
BRDA:448,53,0,0
BRDA:448,53,1,0
BRF:104
BRH:13
end_of_record
